<?xml version="1.0" encoding="UTF-8" ?>
<testsuite errors="0" failures="0" hostname="daveimac" name="com.xtuple.InstanceServiceTests" tests="1" time="0.697" timestamp="2013-02-11T15:17:55">
  <properties />
  <testcase classname="com.xtuple.InstanceServiceTests" name="testAddInstance" time="0.678" />
  <system-out><![CDATA[]]></system-out>
  <system-err><![CDATA[--Output from testAddInstance--
]]></system-err>
</testsuite>
