<?xml version="1.0" encoding="UTF-8" ?>
<testsuite errors="0" failures="0" hostname="daveimac" name="com.xtuple.InstanceServiceTests" tests="1" time="0.44" timestamp="2013-02-18T20:17:44">
  <properties />
  <testcase classname="com.xtuple.InstanceServiceTests" name="testAddInstance" time="0.428" />
  <system-out><![CDATA[]]></system-out>
  <system-err><![CDATA[--Output from testAddInstance--
]]></system-err>
</testsuite>
